[    0.000000] Initializing cgroup subsys cpuset
[    0.000000] Initializing cgroup subsys cpu
[    0.000000] Initializing cgroup subsys cpuacct
[    0.000000] Linux version 4.4.0-174-generic (buildd@lcy01-amd64-027) (gcc version 5.4.0 20160609 (Ubuntu 5.4.0-6ubuntu1~16.04.12) ) #204-Ubuntu SMP Wed Jan 29 06:41:01 UTC 2020 (Ubuntu 4.4.0-174.204-generic 4.4.211)
[    0.000000] Command line: BOOT_IMAGE=/boot/vmlinuz-4.4.0-174-generic root=LABEL=cloudimg-rootfs ro console=tty1 console=ttyS0
[    0.000000] KERNEL supported cpus:
[    0.000000]   Intel GenuineIntel
[    0.000000]   AMD AuthenticAMD
[    0.000000]   Centaur CentaurHauls
[    0.000000] x86/fpu: xstate_offset[2]:  576, xstate_sizes[2]:  256
[    0.000000] x86/fpu: Supporting XSAVE feature 0x01: 'x87 floating point registers'
[    0.000000] x86/fpu: Supporting XSAVE feature 0x02: 'SSE registers'
[    0.000000] x86/fpu: Supporting XSAVE feature 0x04: 'AVX registers'
[    0.000000] x86/fpu: Enabled xstate features 0x7, context size is 832 bytes, using 'standard' format.
[    0.000000] e820: BIOS-provided physical RAM map:
[    0.000000] BIOS-e820: [mem 0x0000000000000000-0x000000000009fbff] usable
[    0.000000] BIOS-e820: [mem 0x000000000009fc00-0x000000000009ffff] reserved
[    0.000000] BIOS-e820: [mem 0x00000000000f0000-0x00000000000fffff] reserved
[    0.000000] BIOS-e820: [mem 0x0000000000100000-0x000000003ffeffff] usable
[    0.000000] BIOS-e820: [mem 0x000000003fff0000-0x000000003fffffff] ACPI data
[    0.000000] BIOS-e820: [mem 0x00000000fec00000-0x00000000fec00fff] reserved
[    0.000000] BIOS-e820: [mem 0x00000000fee00000-0x00000000fee00fff] reserved
[    0.000000] BIOS-e820: [mem 0x00000000fffc0000-0x00000000ffffffff] reserved
[    0.000000] NX (Execute Disable) protection: active
[    0.000000] SMBIOS 2.5 present.
[    0.000000] Hypervisor detected: KVM
[    0.000000] e820: last_pfn = 0x3fff0 max_arch_pfn = 0x400000000
[    0.000000] MTRR: Disabled
[    0.000000] x86/PAT: MTRRs disabled, skipping PAT initialization too.
[    0.000000] CPU MTRRs all blank - virtualized system.
[    0.000000] x86/PAT: Configuration [0-7]: WB  WT  UC- UC  WB  WT  UC- UC  
[    0.000000] found SMP MP-table at [mem 0x0009fff0-0x0009ffff] mapped at [ffff88000009fff0]
[    0.000000] Scanning 1 areas for low memory corruption
[    0.000000] RAMDISK: [mem 0x362e0000-0x37167fff]
[    0.000000] ACPI: Early table checksum verification disabled
[    0.000000] ACPI: RSDP 0x00000000000E0000 000024 (v02 VBOX  )
[    0.000000] ACPI: XSDT 0x000000003FFF0030 00003C (v01 VBOX   VBOXXSDT 00000001 ASL  00000061)
[    0.000000] ACPI: FACP 0x000000003FFF00F0 0000F4 (v04 VBOX   VBOXFACP 00000001 ASL  00000061)
[    0.000000] ACPI: DSDT 0x000000003FFF0470 0022EA (v02 VBOX   VBOXBIOS 00000002 INTL 20100528)
[    0.000000] ACPI: FACS 0x000000003FFF0200 000040
[    0.000000] ACPI: FACS 0x000000003FFF0200 000040
[    0.000000] ACPI: APIC 0x000000003FFF0240 00005C (v02 VBOX   VBOXAPIC 00000001 ASL  00000061)
[    0.000000] ACPI: SSDT 0x000000003FFF02A0 0001CC (v01 VBOX   VBOXCPUT 00000002 INTL 20100528)
[    0.000000] No NUMA configuration found
[    0.000000] Faking a node at [mem 0x0000000000000000-0x000000003ffeffff]
[    0.000000] NODE_DATA(0) allocated [mem 0x3ffeb000-0x3ffeffff]
[    0.000000] kvm-clock: Using msrs 4b564d01 and 4b564d00
[    0.000000] kvm-clock: cpu 0, msr 0:3ffe3001, primary cpu clock
[    0.000000] kvm-clock: using sched offset of 6276761926 cycles
[    0.000000] clocksource: kvm-clock: mask: 0xffffffffffffffff max_cycles: 0x1cd42e4dffb, max_idle_ns: 881590591483 ns
[    0.000000] Zone ranges:
[    0.000000]   DMA      [mem 0x0000000000001000-0x0000000000ffffff]
[    0.000000]   DMA32    [mem 0x0000000001000000-0x000000003ffeffff]
[    0.000000]   Normal   empty
[    0.000000]   Device   empty
[    0.000000] Movable zone start for each node
[    0.000000] Early memory node ranges
[    0.000000]   node   0: [mem 0x0000000000001000-0x000000000009efff]
[    0.000000]   node   0: [mem 0x0000000000100000-0x000000003ffeffff]
[    0.000000] Initmem setup node 0 [mem 0x0000000000001000-0x000000003ffeffff]
[    0.000000] ACPI: PM-Timer IO Port: 0x4008
[    0.000000] IOAPIC[0]: apic_id 2, version 32, address 0xfec00000, GSI 0-23
[    0.000000] ACPI: INT_SRC_OVR (bus 0 bus_irq 0 global_irq 2 dfl dfl)
[    0.000000] ACPI: INT_SRC_OVR (bus 0 bus_irq 9 global_irq 9 low level)
[    0.000000] Using ACPI (MADT) for SMP configuration information
[    0.000000] smpboot: Allowing 2 CPUs, 0 hotplug CPUs
[    0.000000] PM: Registered nosave memory: [mem 0x00000000-0x00000fff]
[    0.000000] PM: Registered nosave memory: [mem 0x0009f000-0x0009ffff]
[    0.000000] PM: Registered nosave memory: [mem 0x000a0000-0x000effff]
[    0.000000] PM: Registered nosave memory: [mem 0x000f0000-0x000fffff]
[    0.000000] e820: [mem 0x40000000-0xfebfffff] available for PCI devices
[    0.000000] Booting paravirtualized kernel on KVM
[    0.000000] clocksource: refined-jiffies: mask: 0xffffffff max_cycles: 0xffffffff, max_idle_ns: 7645519600211568 ns
[    0.000000] setup_percpu: NR_CPUS:512 nr_cpumask_bits:512 nr_cpu_ids:2 nr_node_ids:1
[    0.000000] PERCPU: Embedded 33 pages/cpu @ffff88003fc00000 s95448 r8192 d31528 u1048576
[    0.000000] Built 1 zonelists in Node order, mobility grouping on.  Total pages: 257912
[    0.000000] Policy zone: DMA32
[    0.000000] Kernel command line: BOOT_IMAGE=/boot/vmlinuz-4.4.0-174-generic root=LABEL=cloudimg-rootfs ro console=tty1 console=ttyS0
[    0.000000] PID hash table entries: 4096 (order: 3, 32768 bytes)
[    0.000000] Memory: 997672K/1048120K available (8626K kernel code, 1336K rwdata, 4032K rodata, 1488K init, 1292K bss, 50448K reserved, 0K cma-reserved)
[    0.000000] SLUB: HWalign=64, Order=0-3, MinObjects=0, CPUs=2, Nodes=1
[    0.000000] Kernel/User page tables isolation: enabled
[    0.000000] Hierarchical RCU implementation.
[    0.000000] 	Build-time adjustment of leaf fanout to 64.
[    0.000000] 	RCU restricting CPUs from NR_CPUS=512 to nr_cpu_ids=2.
[    0.000000] RCU: Adjusting geometry for rcu_fanout_leaf=64, nr_cpu_ids=2
[    0.000000] NR_IRQS:33024 nr_irqs:440 16
[    0.000000] Console: colour VGA+ 80x25
[    0.000000] console [tty1] enabled
[    0.000000] console [ttyS0] enabled
[    0.000000] tsc: Detected 2904.000 MHz processor
[    0.177624] Calibrating delay loop (skipped) preset value.. 5808.00 BogoMIPS (lpj=11616000)
[    0.179746] pid_max: default: 32768 minimum: 301
[    0.180991] ACPI: Core revision 20150930
[    0.182855] ACPI: 2 ACPI AML tables successfully acquired and loaded
[    0.184566] Security Framework initialized
[    0.185652] Yama: becoming mindful.
[    0.186566] AppArmor: AppArmor initialized
[    0.187653] Dentry cache hash table entries: 131072 (order: 8, 1048576 bytes)
[    0.191235] Inode-cache hash table entries: 65536 (order: 7, 524288 bytes)
[    0.193211] Mount-cache hash table entries: 2048 (order: 2, 16384 bytes)
[    0.195125] Mountpoint-cache hash table entries: 2048 (order: 2, 16384 bytes)
[    0.196917] Initializing cgroup subsys io
[    0.197929] Initializing cgroup subsys memory
[    0.199009] Initializing cgroup subsys devices
[    0.200354] Initializing cgroup subsys freezer
[    0.201471] Initializing cgroup subsys net_cls
[    0.202553] Initializing cgroup subsys perf_event
[    0.203703] Initializing cgroup subsys net_prio
[    0.204862] Initializing cgroup subsys hugetlb
[    0.205947] Initializing cgroup subsys pids
[    0.208152] mce: CPU supports 0 MCE banks
[    0.209273] Last level iTLB entries: 4KB 64, 2MB 8, 4MB 8
[    0.210787] Last level dTLB entries: 4KB 64, 2MB 0, 4MB 0, 1GB 4
[    0.212719] Spectre V1 : Mitigation: usercopy/swapgs barriers and __user pointer sanitization
[    0.215027] Spectre V2 : Mitigation: Full generic retpoline
[    0.216345] Spectre V2 : Spectre v2 / SpectreRSB mitigation: Filling RSB on context switch
[    0.219064] Speculative Store Bypass: Vulnerable
[    0.220781] MDS: Mitigation: Clear CPU buffers
[    0.224554] Freeing SMP alternatives memory: 36K
[    0.231884] ftrace: allocating 32305 entries in 127 pages
[    0.295559] smpboot: APIC(0) Converting physical 0 to logical package 0
[    0.297615] smpboot: Max logical packages: 1
[    0.298953] x2apic enabled
[    0.300604] Switched APIC routing to physical x2apic.
[    0.302968] ..TIMER: vector=0x30 apic1=0 pin1=2 apic2=-1 pin2=-1
[    0.412523] smpboot: CPU0: Intel(R) Core(TM) i5-6267U CPU @ 2.90GHz (family: 0x6, model: 0x4e, stepping: 0x3)
[    0.415514] Performance Events: unsupported p6 CPU model 78 no PMU driver, software events only.
[    0.428723] KVM setup paravirtual spinlock
[    0.430948] x86: Booting SMP configuration:
[    0.432325] .... node  #0, CPUs:      #1
[    0.433457] kvm-clock: cpu 1, msr 0:3ffe3041, secondary cpu clock
[    0.436707] mce: CPU supports 0 MCE banks
[    0.439484] x86: Booted up 1 node, 2 CPUs
[    0.441282] smpboot: Total of 2 processors activated (11616.00 BogoMIPS)
[    0.443264] devtmpfs: initialized
[    0.446343] evm: security.selinux
[    0.447301] evm: security.SMACK64
[    0.448297] evm: security.SMACK64EXEC
[    0.449276] evm: security.SMACK64TRANSMUTE
[    0.450529] evm: security.SMACK64MMAP
[    0.451986] evm: security.ima
[    0.453193] evm: security.capability
[    0.454533] clocksource: jiffies: mask: 0xffffffff max_cycles: 0xffffffff, max_idle_ns: 7645041785100000 ns
[    0.457055] futex hash table entries: 512 (order: 3, 32768 bytes)
[    0.458599] pinctrl core: initialized pinctrl subsystem
[    0.459984] RTC time: 13:24:41, date: 05/29/20
[    0.461355] NET: Registered protocol family 16
[    0.474018] cpuidle: using governor ladder
[    0.489147] cpuidle: using governor menu
[    0.490636] PCCT header not found.
[    0.491626] ACPI: bus type PCI registered
[    0.492680] acpiphp: ACPI Hot Plug PCI Controller Driver version: 0.5
[    0.494265] PCI: Using configuration type 1 for base access
[    0.510710] ACPI: Added _OSI(Module Device)
[    0.512004] ACPI: Added _OSI(Processor Device)
[    0.513252] ACPI: Added _OSI(3.0 _SCP Extensions)
[    0.514386] ACPI: Added _OSI(Processor Aggregator Device)
[    0.516469] ACPI: Executed 1 blocks of module-level executable AML code
[    0.521081] ACPI: Interpreter enabled
[    0.522388] ACPI: (supports S0 S5)
[    0.523277] ACPI: Using IOAPIC for interrupt routing
[    0.524612] PCI: Using host bridge windows from ACPI; if necessary, use "pci=nocrs" and report a bug
[    0.531151] ACPI: PCI Root Bridge [PCI0] (domain 0000 [bus 00-ff])
[    0.532913] acpi PNP0A03:00: _OSC: OS supports [ASPM ClockPM Segments MSI]
[    0.534753] acpi PNP0A03:00: _OSC: not requesting OS control; OS requires [ExtendedConfig ASPM ClockPM MSI]
[    0.537621] acpi PNP0A03:00: fail to add MMCONFIG information, can't access extended PCI configuration space under this bridge.
[    0.540694] PCI host bridge to bus 0000:00
[    0.541781] pci_bus 0000:00: root bus resource [io  0x0000-0x0cf7 window]
[    0.543859] pci_bus 0000:00: root bus resource [io  0x0d00-0xffff window]
[    0.545968] pci_bus 0000:00: root bus resource [mem 0x000a0000-0x000bffff window]
[    0.548493] pci_bus 0000:00: root bus resource [mem 0x40000000-0xfdffffff window]
[    0.551390] pci_bus 0000:00: root bus resource [bus 00-ff]
[    0.556683] pci 0000:00:01.1: legacy IDE quirk: reg 0x10: [io  0x01f0-0x01f7]
[    0.558841] pci 0000:00:01.1: legacy IDE quirk: reg 0x14: [io  0x03f6]
[    0.560861] pci 0000:00:01.1: legacy IDE quirk: reg 0x18: [io  0x0170-0x0177]
[    0.563081] pci 0000:00:01.1: legacy IDE quirk: reg 0x1c: [io  0x0376]
[    0.602202] pci 0000:00:07.0: quirk: [io  0x4000-0x403f] claimed by PIIX4 ACPI
[    0.605783] pci 0000:00:07.0: quirk: [io  0x4100-0x410f] claimed by PIIX4 SMB
[    0.626863] ACPI: PCI Interrupt Link [LNKA] (IRQs 5 9 10 *11)
[    0.630806] ACPI: PCI Interrupt Link [LNKB] (IRQs 5 9 *10 11)
[    0.634792] ACPI: PCI Interrupt Link [LNKC] (IRQs 5 *9 10 11)
[    0.638092] ACPI: PCI Interrupt Link [LNKD] (IRQs 5 9 10 *11)
[    0.642106] ACPI: Enabled 2 GPEs in block 00 to 07
[    0.644387] vgaarb: setting as boot device: PCI:0000:00:02.0
[    0.645765] vgaarb: device added: PCI:0000:00:02.0,decodes=io+mem,owns=io+mem,locks=none
[    0.647761] vgaarb: loaded
[    0.648558] vgaarb: bridge control possible 0000:00:02.0
[    0.650271] SCSI subsystem initialized
[    0.652305] ACPI: bus type USB registered
[    0.656789] usbcore: registered new interface driver usbfs
[    0.658333] usbcore: registered new interface driver hub
[    0.659793] usbcore: registered new device driver usb
[    0.661654] PCI: Using ACPI for IRQ routing
[    0.663106] NetLabel: Initializing
[    0.664123] NetLabel:  domain hash size = 128
[    0.665635] NetLabel:  protocols = UNLABELED CIPSOv4
[    0.668765] NetLabel:  unlabeled traffic allowed by default
[    0.671206] amd_nb: Cannot enumerate AMD northbridges
[    0.672954] clocksource: Switched to clocksource kvm-clock
[    0.682687] AppArmor: AppArmor Filesystem Enabled
[    0.684565] pnp: PnP ACPI init
[    0.686586] pnp: PnP ACPI: found 3 devices
[    0.696812] clocksource: acpi_pm: mask: 0xffffff max_cycles: 0xffffff, max_idle_ns: 2085701024 ns
[    0.699557] NET: Registered protocol family 2
[    0.701473] TCP established hash table entries: 8192 (order: 4, 65536 bytes)
[    0.703239] TCP bind hash table entries: 8192 (order: 5, 131072 bytes)
[    0.704750] TCP: Hash tables configured (established 8192 bind 8192)
[    0.706282] UDP hash table entries: 512 (order: 2, 16384 bytes)
[    0.707658] UDP-Lite hash table entries: 512 (order: 2, 16384 bytes)
[    0.709208] NET: Registered protocol family 1
[    0.710765] pci 0000:00:00.0: Limiting direct PCI/PCI transfers
[    0.712202] pci 0000:00:01.0: Activating ISA DMA hang workarounds
[    0.713955] Unpacking initramfs...
[    0.965671] Freeing initrd memory: 14880K
[    0.967373] clocksource: tsc: mask: 0xffffffffffffffff max_cycles: 0x29dc05e54fc, max_idle_ns: 440795291716 ns
[    0.970156] platform rtc_cmos: registered platform RTC device (no PNP device found)
[    0.972526] Scanning for low memory corruption every 60 seconds
[    0.974490] audit: initializing netlink subsys (disabled)
[    0.975975] audit: type=2000 audit(1590758689.511:1): initialized
[    0.977720] Initialise system trusted keyring
[    0.979063] HugeTLB registered 2 MB page size, pre-allocated 0 pages
[    0.982259] zbud: loaded
[    0.983324] VFS: Disk quotas dquot_6.6.0
[    0.984767] VFS: Dquot-cache hash table entries: 512 (order 0, 4096 bytes)
[    0.987320] squashfs: version 4.0 (2009/01/31) Phillip Lougher
[    0.989499] fuse init (API version 7.23)
[    0.990633] Key type big_key registered
[    0.991639] Allocating IMA MOK and blacklist keyrings.
[    0.993840] Key type asymmetric registered
[    0.995389] Asymmetric key parser 'x509' registered
[    0.996603] Block layer SCSI generic (bsg) driver version 0.4 loaded (major 249)
[    0.998621] io scheduler noop registered
[    1.000262] io scheduler deadline registered (default)
[    1.001585] io scheduler cfq registered
[    1.002673] pci_hotplug: PCI Hot Plug PCI Core version: 0.5
[    1.003990] pciehp: PCI Express Hot Plug Controller Driver version: 0.4
[    1.005942] ACPI: AC Adapter [AC] (on-line)
[    1.007481] input: Power Button as /devices/LNXSYSTM:00/LNXPWRBN:00/input/input0
[    1.009814] ACPI: Power Button [PWRF]
[    1.011399] input: Sleep Button as /devices/LNXSYSTM:00/LNXSLPBN:00/input/input1
[    1.013257] ACPI: Sleep Button [SLPF]
[    1.015676] ACPI: Battery Slot [BAT0] (battery present)
[    1.018072] GHES: HEST is not enabled!
[    1.019770] Serial: 8250/16550 driver, 32 ports, IRQ sharing enabled
[    1.042204] 00:02: ttyS0 at I/O 0x3f8 (irq = 4, base_baud = 115200) is a 16550A
[    1.047376] Linux agpgart interface v0.103
[    1.050663] loop: module loaded
[    1.052479] scsi host0: ata_piix
[    1.053780] scsi host1: ata_piix
[    1.055077] ata1: PATA max UDMA/33 cmd 0x1f0 ctl 0x3f6 bmdma 0xd000 irq 14
[    1.056637] ata2: PATA max UDMA/33 cmd 0x170 ctl 0x376 bmdma 0xd008 irq 15
[    1.058474] libphy: Fixed MDIO Bus: probed
[    1.059617] tun: Universal TUN/TAP device driver, 1.6
[    1.060935] tun: (C) 1999-2004 Max Krasnyansky <maxk@qualcomm.com>
[    1.062608] PPP generic driver version 2.4.2
[    1.064243] ehci_hcd: USB 2.0 'Enhanced' Host Controller (EHCI) Driver
[    1.065789] ehci-pci: EHCI PCI platform driver
[    1.067017] ehci-platform: EHCI generic platform driver
[    1.068283] ohci_hcd: USB 1.1 'Open' Host Controller (OHCI) Driver
[    1.070130] ohci-pci: OHCI PCI platform driver
[    1.072269] ohci-platform: OHCI generic platform driver
[    1.074483] uhci_hcd: USB Universal Host Controller Interface driver
[    1.077554] i8042: PNP: PS/2 Controller [PNP0303:PS2K,PNP0f03:PS2M] at 0x60,0x64 irq 1,12
[    1.080980] serio: i8042 KBD port at 0x60,0x64 irq 1
[    1.082236] serio: i8042 AUX port at 0x60,0x64 irq 12
[    1.083783] mousedev: PS/2 mouse device common for all mice
[    1.086272] input: AT Translated Set 2 keyboard as /devices/platform/i8042/serio0/input/input2
[    1.088952] rtc_cmos rtc_cmos: rtc core: registered rtc_cmos as rtc0
[    1.090949] rtc_cmos rtc_cmos: alarms up to one day, 114 bytes nvram
[    1.092572] i2c /dev entries driver
[    1.094070] device-mapper: uevent: version 1.0.3
[    1.095733] device-mapper: ioctl: 4.34.0-ioctl (2015-10-28) initialised: dm-devel@redhat.com
[    1.098228] ledtrig-cpu: registered to indicate activity on CPUs
[    1.100118] NET: Registered protocol family 10
[    1.101534] NET: Registered protocol family 17
[    1.102646] Key type dns_resolver registered
[    1.104084] registered taskstats version 1
[    1.105164] Loading compiled-in X.509 certificates
[    1.106860] Loaded X.509 cert 'Build time autogenerated kernel key: 2501974cc66248a18f8fa54aaac948a5171f77fb'
[    1.109252] zswap: loaded using pool lzo/zbud
[    1.112175] Key type trusted registered
[    1.116151] Key type encrypted registered
[    1.117464] AppArmor: AppArmor sha1 policy hashing enabled
[    1.118976] ima: No TPM chip found, activating TPM-bypass!
[    1.120356] ima: Allocated hash algorithm: sha1
[    1.122007] evm: HMAC attrs: 0x1
[    1.123400]   Magic number: 4:925:433
[    1.124416] rtc_cmos rtc_cmos: setting system clock to 2020-05-29 13:24:42 UTC (1590758682)
[    1.126643] BIOS EDD facility v0.16 2004-Jun-25, 0 devices found
[    1.128421] EDD information not available.
[    1.216980] Freeing unused kernel memory: 1488K
[    1.219866] Write protecting the kernel read-only data: 14336k
[    1.222749] Freeing unused kernel memory: 1604K
[    1.224488] Freeing unused kernel memory: 64K
Loading, please wait...
starting version 229
[    1.244202] random: systemd-udevd: uninitialized urandom read (16 bytes read, 3 bits of entropy available)
[    1.245444] random: udevadm: uninitialized urandom read (16 bytes read, 3 bits of entropy available)
[    1.245473] random: udevadm: uninitialized urandom read (16 bytes read, 3 bits of entropy available)
[    1.254305] random: systemd-udevd: uninitialized urandom read (16 bytes read, 3 bits of entropy available)
[    1.256848] random: udevadm: uninitialized urandom read (16 bytes read, 3 bits of entropy available)
[    1.256915] random: udevadm: uninitialized urandom read (16 bytes read, 3 bits of entropy available)
[    1.257194] random: udevadm: uninitialized urandom read (16 bytes read, 3 bits of entropy available)
[    1.257275] random: udevadm: uninitialized urandom read (16 bytes read, 3 bits of entropy available)
[    1.257329] random: udevadm: uninitialized urandom read (16 bytes read, 3 bits of entropy available)
[    1.257378] random: udevadm: uninitialized urandom read (16 bytes read, 3 bits of entropy available)
[    1.302366] e1000: Intel(R) PRO/1000 Network Driver - version 7.3.21-k8-NAPI
[    1.304549] e1000: Copyright (c) 1999-2006 Intel Corporation.
[    1.306513] Fusion MPT base driver 3.04.20
[    1.307647] Copyright (c) 1999-2008 LSI Corporation
[    1.327518] AVX2 version of gcm_enc/dec engaged.
[    1.328684] AES CTR mode by8 optimization enabled
[    1.336548] Fusion MPT SPI Host driver 3.04.20
[    1.522561] input: ImExPS/2 Generic Explorer Mouse as /devices/platform/i8042/serio1/input/input4
[    1.706357] e1000 0000:00:03.0 eth0: (PCI:33MHz:32-bit) 02:1b:c5:10:6b:e2
[    1.709930] e1000 0000:00:03.0 eth0: Intel(R) PRO/1000 Network Connection
[    2.114903] e1000 0000:00:08.0 eth1: (PCI:33MHz:32-bit) 08:00:27:39:73:dc
[    2.117120] e1000 0000:00:08.0 eth1: Intel(R) PRO/1000 Network Connection
[    2.121543] e1000 0000:00:03.0 enp0s3: renamed from eth0
[    2.124308] mptbase: ioc0: Initiating bringup
[    2.129614] e1000 0000:00:08.0 enp0s8: renamed from eth1
[    2.199521] ioc0: LSI53C1030 A0: Capabilities={Initiator}
[    3.597294] scsi host2: ioc0: LSI53C1030 A0, FwRev=00000000h, Ports=1, MaxQ=256, IRQ=20
[    4.115494] scsi 2:0:0:0: Direct-Access     VBOX     HARDDISK         1.0  PQ: 0 ANSI: 5
[    4.119190] scsi target2:0:0: Beginning Domain Validation
[    4.122505] scsi target2:0:0: Domain Validation skipping write tests
[    4.125285] scsi target2:0:0: Ending Domain Validation
[    4.127164] scsi target2:0:0: asynchronous
[    4.129277] scsi 2:0:1:0: Direct-Access     VBOX     HARDDISK         1.0  PQ: 0 ANSI: 5
[    4.131807] scsi target2:0:1: Beginning Domain Validation
[    4.146666] scsi target2:0:1: Domain Validation skipping write tests
[    4.148429] scsi target2:0:1: Ending Domain Validation
[    4.150072] scsi target2:0:1: asynchronous
[    4.157545] sd 2:0:0:0: Attached scsi generic sg0 type 0
[    4.159304] sd 2:0:0:0: [sda] 20971520 512-byte logical blocks: (10.7 GB/10.0 GiB)
[    4.161474] sd 2:0:1:0: Attached scsi generic sg1 type 0
[    4.162864] sd 2:0:1:0: [sdb] 20480 512-byte logical blocks: (10.5 MB/10.0 MiB)
[    4.163046] sd 2:0:0:0: [sda] Write Protect is off
[    4.163162] sd 2:0:0:0: [sda] Incomplete mode parameter data
[    4.163163] sd 2:0:0:0: [sda] Assuming drive cache: write through
[    4.165929]  sda: sda1
[    4.166828] sd 2:0:0:0: [sda] Attached SCSI disk
[    4.172602] sd 2:0:1:0: [sdb] Write Protect is off
[    4.174526] sd 2:0:1:0: [sdb] Incomplete mode parameter data
[    4.175859] sd 2:0:1:0: [sdb] Assuming drive cache: write through
[    4.179798] sd 2:0:1:0: [sdb] Attached SCSI disk
Begin: Loading essential drivers ... [    5.532040] md: linear personality registered for level -1
[    5.536237] md: multipath personality registered for level -4
[    5.541105] md: raid0 personality registered for level 0
[    5.546509] md: raid1 personality registered for level 1
[    5.617112] raid6: sse2x1   gen() 10433 MB/s
[    5.685026] raid6: sse2x1   xor()  7677 MB/s
[    5.753018] raid6: sse2x2   gen() 11016 MB/s
[    5.821909] raid6: sse2x2   xor()  7902 MB/s
[    5.888981] raid6: sse2x4   gen() 13743 MB/s
[    5.958674] raid6: sse2x4   xor() 10057 MB/s
[    6.028915] raid6: avx2x1   gen() 19697 MB/s
[    6.096976] raid6: avx2x2   gen() 22939 MB/s
[    6.165049] raid6: avx2x4   gen() 20493 MB/s
[    6.167069] raid6: using algorithm avx2x2 gen() 22939 MB/s
[    6.169363] raid6: using avx2x2 recovery algorithm
[    6.174533] xor: automatically using best checksumming function:
[    6.217516]    avx       : 20572.000 MB/sec
[    6.220274] async_tx: api initialized (async)
[    6.234252] md: raid6 personality registered for level 6
[    6.235993] md: raid5 personality registered for level 5
[    6.237247] md: raid4 personality registered for level 4
[    6.246128] md: raid10 personality registered for level 10
done.
Begin: Running /scripts/init-premount ... done.
Begin: Mounting root file system ... Begin: Running /scripts/local-top ... done.
Begin: Running /scripts/local-premount ... [    6.278474] Btrfs loaded
Scanning for Btrfs filesystems
done.
Warning: fsck not present, so skipping root file system
[    6.331797] EXT4-fs (sda1): mounted filesystem with ordered data mode. Opts: (null)
done.
Begin: Running /scripts/local-bottom ... done.
Begin: Running /scripts/init-bottom ... done.
[    6.729084] systemd[1]: systemd 229 running in system mode. (+PAM +AUDIT +SELINUX +IMA +APPARMOR +SMACK +SYSVINIT +UTMP +LIBCRYPTSETUP +GCRYPT +GNUTLS +ACL +XZ -LZ4 +SECCOMP +BLKID +ELFUTILS +KMOD -IDN)
[    6.734320] systemd[1]: Detected virtualization oracle.
[    6.735610] systemd[1]: Detected architecture x86-64.

Welcome to [1mUbuntu 16.04.6 LTS[0m!

[    6.756500] systemd[1]: Set hostname to <ubuntu>.
[    6.788738] systemd[1]: Initializing machine ID from random generator.
[    6.790905] systemd[1]: Installed transient /etc/machine-id file.
[    7.321594] random: nonblocking pool is initialized
[    7.455964] systemd[1]: Listening on Journal Socket.
[[0;32m  OK  [0m] Listening on Journal Socket.
[    7.458534] systemd[1]: Started Forward Password Requests to Wall Directory Watch.
[[0;32m  OK  [0m] Started Forward Password Requests to Wall Directory Watch.
[    7.462398] systemd[1]: Set up automount Arbitrary Executable File Formats File System Automount Point.
[[0;32m  OK  [0m] Set up automount Arbitrary Executab...ats File System Automount Point.
[    7.466734] systemd[1]: Reached target Swap.
[[0;32m  OK  [0m] Reached target Swap.
[    7.468827] systemd[1]: Reached target Encrypted Volumes.
[[0;32m  OK  [0m] Reached target Encrypted Volumes.
[    7.472270] systemd[1]: Listening on LVM2 poll daemon socket.
[[0;32m  OK  [0m] Listening on LVM2 poll daemon socket.
[    7.489356] systemd[1]: Listening on Journal Socket (/dev/log).
[[0;32m  OK  [0m] Listening on Journal Socket (/dev/log).
[    7.493799] systemd[1]: Listening on Device-mapper event daemon FIFOs.
[[0;32m  OK  [0m] Listening on Device-mapper event daemon FIFOs.
[    7.497390] systemd[1]: Reached target User and Group Name Lookups.
[[0;32m  OK  [0m] Reached target User and Group Name Lookups.
[    7.500720] systemd[1]: Listening on /dev/initctl Compatibility Named Pipe.
[[0;32m  OK  [0m] Listening on /dev/initctl Compatibility Named Pipe.
[    7.504023] systemd[1]: Listening on LVM2 metadata daemon socket.
[[0;32m  OK  [0m] Listening on LVM2 metadata daemon socket.
[    7.507034] systemd[1]: Listening on udev Control Socket.
[[0;32m  OK  [0m] Listening on udev Control Socket.
[    7.677046] systemd[1]: Started Trigger resolvconf update for networkd DNS.
[[0;32m  OK  [0m] Started Trigger resolvconf update for networkd DNS.
[    7.712930] systemd[1]: Listening on Syslog Socket.
[[0;32m  OK  [0m] Listening on Syslog Socket.
[    7.716877] systemd[1]: Created slice User and Session Slice.
[[0;32m  OK  [0m] Created slice User and Session Slice.
[    7.719796] systemd[1]: Created slice System Slice.
[[0;32m  OK  [0m] Created slice System Slice.
[    7.749382] systemd[1]: Mounting Huge Pages File System...
         Mounting Huge Pages File System...
[    7.753714] systemd[1]: Mounting POSIX Message Queue File System...
         Mounting POSIX Message Queue File System...
[    7.766006] systemd[1]: Starting Remount Root and Kernel File Systems...
         Starting Remount Root and Kernel File Systems...
[    7.770699] systemd[1]: Created slice system-serial\x2dgetty.slice.
[[0;32m  OK  [0m] Created slice system-serial\x2dgetty.slice.
[    7.775637] systemd[1]: Starting Create list of required static device nodes for the current kernel...
[    7.779337] EXT4-fs (sda1): re-mounted. Opts: (null)
         Starting Create list of required st... nodes for the current kernel...
[    7.810622] systemd[1]: Starting Load Kernel Modules...
         Starting Load Kernel Modules...
[    7.822608] systemd[1]: Starting Nameserver information manager...
         Starting Nameserver information manager...
[    7.827368] systemd[1]: Starting Uncomplicated firewall...
         Starting Uncomplicated firewall...
[    7.832485] systemd[1]: Starting Set console keymap...
[    7.834396] Loading iSCSI transport class v2.0-870.
         Starting Set console keymap...
[    7.837772] systemd[1]: Reached target Slices.
[[0;32m  OK  [0m] Reached target Slices.
[    7.841831] systemd[1]: Starting Monitoring of LVM2 mirrors, snapshots etc. using dmeventd or progress polling...
         Starting Monitoring of LVM2 mirrors... dmeventd or progress polling...
[    7.849698] systemd[1]: Mounting Debug File System...
         Mounting Debug File System...
[    7.853320] systemd[1]: Listening on udev Kernel Socket.
[[0;32m  OK  [0m] Listening on udev Kernel Socket.
[    7.861641] systemd[1]: Reached target System Time Synchronized.
[    7.863868] iscsi: registered transport (tcp)
[[0;32m  OK  [0m] Reached target System Time Synchronized.
[    7.874235] systemd[1]: Listening on Journal Audit Socket.
[[0;32m  OK  [0m] Listening on Journal Audit Socket.
[    7.901641] systemd[1]: Starting Journal Service...
         Starting Journal Service...
[    7.908246] systemd[1]: Mounted Debug File System.
[[0;32m  OK  [0m] Mounted Debug File System.
[    7.911067] systemd[1]: Mounted POSIX Message Queue File System.
[[0;32m  OK  [0m] Mounted POSIX Message Queue File System.
[    7.914380] systemd[1]: Mounted Huge Pages File System.
[[0;32m  OK  [0m] Mounted Huge Pages File System.
[    7.919287] systemd[1]: Started Remount Root and Kernel File Systems.
[[0;32m  OK  [0m] Started Remount Root and Kernel File Systems.
[    7.925452] systemd[1]: Started Create list of required static device nodes for the current kernel.
[[0;32m  OK  [0m] Started Create list of required sta...ce nodes for the current kernel.
[    7.931998] systemd[1]: Started Uncomplicated firewall.
[[0;32m  OK  [0m] Started Uncomplicated firewall.
[    7.938440] systemd[1]: Starting Create Static Device Nodes in /dev...
         Starting Create Static Device Nodes in /dev...
[    7.955034] systemd[1]: Starting udev Coldplug all Devices...
         Starting udev Coldplug all Devices...
[    7.966844] systemd[1]: Starting Load/Save Random Seed...
         Starting Load/Save Random Seed...
[    7.979268] systemd[1]: Started Set console keymap.
[[0;32m  OK  [0m] Started Set console keymap.
[    8.001749] systemd[1]: Started Nameserver information manager.
[[0;32m  OK  [0m] Started Nameserver information manager.
[    8.013948] iscsi: registered transport (iser)
[    8.015742] systemd[1]: Started Load/Save Random Seed.
[[0;32m  OK  [0m] Started Load/Save Random Seed.
[    8.023455] systemd[1]: Started Load Kernel Modules.
[[0;32m  OK  [0m] Started Load Kernel Modules.
[    8.028064] systemd[1]: Starting Apply Kernel Variables...
         Starting Apply Kernel Variables...
[    8.042435] systemd[1]: Mounting FUSE Control File System...
         Mounting FUSE Control File System...
[    8.047462] systemd[1]: Mounted FUSE Control File System.
[[0;32m  OK  [0m] Mounted FUSE Control File System.
[    8.058506] systemd[1]: Started Journal Service.
[[0;32m  OK  [0m] Started Journal Service.
[[0;32m  OK  [0m] Started LVM2 metadata daemon.
         Starting Flush Journal to Persistent Storage...
[[0;32m  OK  [0m] Started udev Coldplug all Devices.
[[0;32m  OK  [0m] Started Apply Kernel Variables.
[[0;32m  OK  [0m] Started Flush Journal to Persistent Storage.
[[0;32m  OK  [0m] Started Create Static Device Nodes in /dev.
         Starting udev Kernel Device Manager...
[[0;32m  OK  [0m] Started Monitoring of LVM2 mirrors,...ng dmeventd or progress polling.
[[0;32m  OK  [0m] Reached target Local File Systems (Pre).
[[0;32m  OK  [0m] Reached target Local File Systems.
         Starting Commit a transient machine-id on disk...
         Starting LSB: AppArmor initialization...
         Starting Tell Plymouth To Write Out Runtime Data...
         Starting Set console font and keymap...
         Starting Initial cloud-init job (pre-networking)...
         Starting Create Volatile Files and Directories...
[[0;32m  OK  [0m] Started Commit a transient machine-id on disk.
[[0;32m  OK  [0m] Started Create Volatile Files and Directories.
[[0;32m  OK  [0m] Started Tell Plymouth To Write Out Runtime Data.
         Starting Update UTMP about System Boot/Shutdown...
[[0;32m  OK  [0m] Started Update UTMP about System Boot/Shutdown.
[[0;32m  OK  [0m] Started udev Kernel Device Manager.
[[0;32m  OK  [0m] Started Dispatch Password Requests to Console Directory Watch.
[[0;32m  OK  [0m] Found device /dev/ttyS0.
[[0;32m  OK  [0m] Listening on Load/Save RF Kill Switch Status /dev/rfkill Watch.
[[0;32m  OK  [0m] Started LSB: AppArmor initialization.
[[0;32m  OK  [0m] Started Set console font and keymap.
[[0;32m  OK  [0m] Created slice system-getty.slice.
[   11.043488] cloud-init[479]: Cloud-init v. 19.4-33-gbb4131a2-0ubuntu1~16.04.1 running 'init-local' at Fri, 29 May 2020 13:24:52 +0000. Up 10.56 seconds.
[[0;32m  OK  [0m] Started Initial cloud-init job (pre-networking).
[[0;32m  OK  [0m] Reached target Network (Pre).
         Starting Raise network interfaces...
[[0;32m  OK  [0m] Started Raise network interfaces.
[[0;32m  OK  [0m] Reached target Network.
         Starting Initial cloud-init job (metadata service crawler)...
[   12.900982] cloud-init[967]: Cloud-init v. 19.4-33-gbb4131a2-0ubuntu1~16.04.1 running 'init' at Fri, 29 May 2020 13:24:53 +0000. Up 12.05 seconds.
[   12.904886] cloud-init[967]: ci-info: ++++++++++++++++++++++++++++++++++++++Net device info+++++++++++++++++++++++++++++++++++++++
[   12.908602] cloud-init[967]: ci-info: +--------+-------+----------------------------+---------------+--------+-------------------+
[   12.911544] cloud-init[967]: ci-info: | Device |   Up  |          Address           |      Mask     | Scope  |     Hw-Address    |
[   12.916838] cloud-init[967]: ci-info: +--------+-------+----------------------------+---------------+--------+-------------------+
[   12.920783] cloud-init[967]: ci-info: | enp0s3 |  True |         10.0.2.15          | 255.255.255.0 | global | 02:1b:c5:10:6b:e2 |
[   12.924227] cloud-init[967]: ci-info: | enp0s3 |  True | fe80::1b:c5ff:fe10:6be2/64 |       .       |  link  | 02:1b:c5:10:6b:e2 |
[   12.928055] cloud-init[967]: ci-info: | enp0s8 | False |             .              |       .       |   .    | 08:00:27:39:73:dc |
[   12.931577] cloud-init[967]: ci-info: |   lo   |  True |         127.0.0.1          |   255.0.0.0   |  host  |         .         |
[   12.935465] cloud-init[967]: ci-info: |   lo   |  True |          ::1/128           |       .       |  host  |         .         |
[   12.940201] cloud-init[967]: ci-info: +--------+-------+----------------------------+---------------+--------+-------------------+
[   12.944011] cloud-init[967]: ci-info: +++++++++++++++++++++++++++Route IPv4 info++++++++++++++++++++++++++++
[   12.947873] cloud-init[967]: ci-info: +-------+-------------+----------+---------------+-----------+-------+
[   12.951694] cloud-init[967]: ci-info: | Route | Destination | Gateway  |    Genmask    | Interface | Flags |
[   12.955243] cloud-init[967]: ci-info: +-------+-------------+----------+---------------+-----------+-------+
[   12.959534] cloud-init[967]: ci-info: |   0   |   0.0.0.0   | 10.0.2.2 |    0.0.0.0    |   enp0s3  |   UG  |
[   12.963754] cloud-init[967]: ci-info: |   1   |   10.0.2.0  | 0.0.0.0  | 255.255.255.0 |   enp0s3  |   U   |
[   12.973255] cloud-init[967]: ci-info: +-------+-------------+----------+---------------+-----------+-------+
[   12.980801] cloud-init[967]: ci-info: +++++++++++++++++++Route IPv6 info+++++++++++++++++++
[   12.984514] cloud-init[967]: ci-info: +-------+-------------+---------+-----------+-------+
[   12.987733] cloud-init[967]: ci-info: | Route | Destination | Gateway | Interface | Flags |
[   12.997359] cloud-init[967]: ci-info: +-------+-------------+---------+-----------+-------+
[   13.005214] cloud-init[967]: ci-info: |   0   |  fe80::/64  |    ::   |   enp0s3  |   U   |
[   13.008826] cloud-init[967]: ci-info: |   3   |   ff00::/8  |    ::   |   enp0s3  |   U   |
[   13.012056] cloud-init[967]: ci-info: +-------+-------------+---------+-----------+-------+
[   13.015722] cloud-init[967]: Generating public/private rsa key pair.
[   13.018861] cloud-init[967]: Your identification has been saved in /etc/ssh/ssh_host_rsa_key.
[   13.020797] cloud-init[967]: Your public key has been saved in /etc/ssh/ssh_host_rsa_key.pub.
[   13.023050] cloud-init[967]: The key fingerprint is:
[   13.023903] cloud-init[967]: SHA256:zxHLpHzN1LGpBeDfMqxd9sAY0Ul2GMHbqFY9M07eXII root@ubuntu-xenial
[   13.025748] cloud-init[967]: The key's randomart image is:
[   13.026656] cloud-init[967]: +---[RSA 2048]----+
[   13.027829] cloud-init[967]: |          ..o+*=.|
[   13.029667] cloud-init[967]: |         .   === |
[   13.032276] cloud-init[967]: |          + o.== |
[   13.033922] cloud-init[967]: |       . + OEB==+|
[   13.035080] cloud-init[967]: |        S = XoXo*|
[   13.036033] cloud-init[967]: |         + +o= =o|
[   13.038866] cloud-init[967]: |          +..   .|
[   13.044850] cloud-init[967]: |                 |
[   13.046553] cloud-init[967]: |                 |
[   13.047902] cloud-init[967]: +----[SHA256]-----+
[   13.048899] cloud-init[967]: Generating public/private dsa key pair.
[   13.049995] cloud-init[967]: Your identification has been saved in /etc/ssh/ssh_host_dsa_key.
[   13.051792] cloud-init[967]: Your public key has been saved in /etc/ssh/ssh_host_dsa_key.pub.
[   13.053883] cloud-init[967]: The key fingerprint is:
[   13.055013] cloud-init[967]: SHA256:HK/bbBEE+6gzcnLdcKIFSrAfL9okBVOneFWxZoLDOTc root@ubuntu-xenial
[[0;32m  OK  [0m] Started Initial cloud-init job (metadata service crawler).
[[0;32m  OK  [0m] Reached target Cloud-config availability.
[[0;32m  OK  [0m] Reached target System Initialization.
[[0;32m  OK  [0m] Started Message of the Day.
[[0;32m  OK  [0m] Listening on UUID daemon activation socket.
[[0;32m  OK  [0m] Started Daily Cleanup of Temporary Directories.
[   13.057200] cloud-init[967]: The key's randomart image is:
[   13.066617] cloud-init[967]: +---[DSA 1024]----+
[   13.067539] cloud-init[967]: |  +.. o.+o       |
         Starting LXD - unix socket.
[[0;32m  OK  [0m] Started Daily apt download activities.
[[0;32m  OK  [0m] Started Daily apt upgrade and clean activities.
[[0;32m  OK  [0m] Reached target Timers.
[[0;32m  OK  [0m] Listening on ACPID Listen Socket.
[   13.071622] cloud-init[967]: |   B *   o.      |
[   13.089776] cloud-init[967]: |  o % E *.       |
[   13.090829] cloud-init[967]: |   = B B =.      |
[   13.091101] cloud-init[967]: |  . = . S +.     |
[   13.091921] cloud-init[967]: |   = . = *.      |
[   13.092756] cloud-init[967]: |  . + B o ..     |
[   13.093684] cloud-init[967]: |     = o +.      |
[   13.094413] cloud-init[967]: |        ..o      |
[   13.095127] cloud-init[967]: +----[SHA256]-----+
[   13.095859] cloud-init[967]: Generating public/private ecdsa key pair.
[   13.096609] cloud-init[967]: Your identification has been saved in /etc/ssh/ssh_host_ecdsa_key.
[   13.097138] cloud-init[967]: Your public key has been saved in /etc/ssh/ssh_host_ecdsa_key.pub.
[   13.098330] cloud-init[967]: The key fingerprint is:
[   13.099278] cloud-init[967]: SHA256:izg/R9bhwd85eZZEQKTqY31KMezLsdVYKxQ4AhpJ9Kw root@ubuntu-xenial
[   13.099914] cloud-init[967]: The key's randomart image is:
[[0;32m  OK  [0m] Started ACPI Events Check.
[   13.100740] cloud-init[967]: +---[ECDSA 256]---+
[   13.105383] cloud-init[967]: |    o+..    o+.  |
[   13.105631] cloud-init[967]: |     .= .   o  . |
[   13.106283] cloud-init[967]: |     . o o + ..  |
[   13.106929] cloud-init[967]: |      .   B . .. |
[   13.107578] cloud-init[967]: |     E  S+ B o.+.|
[   13.108561] cloud-init[967]: |     . .+.= = O.+|
[   13.108881] cloud-init[967]: |    o .o.+ = = * |
[   13.108923] cloud-init[967]: |     o. o + B .  |
[   13.108968] cloud-init[967]: |      .o   =     |
[   13.109926] cloud-init[967]: +----[SHA256]-----+
[   13.110875] cloud-init[967]: Generating public/private ed25519 key pair.
[   13.111515] cloud-init[967]: Your identification has been saved in /etc/ssh/ssh_host_ed25519_key.
[   13.112346] cloud-init[967]: Your public key has been saved in /etc/ssh/ssh_host_ed25519_key.pub.
[   13.112578] cloud-init[967]: The key fingerprint is:
[   13.112821] cloud-init[967]: SHA256:49zxu9QPUQJ3Y5fw1OmpG3ua8d8IxB52KXLzGYA8KFo root@ubuntu-xenial
[   13.113843] cloud-init[967]: The key's randomart image is:
[   13.114505] cloud-init[967]: +--[ED25519 256]--+
[   13.115479] cloud-init[967]: |            ..o+*|
[   13.116534] cloud-init[967]: |         o . o+++|
[[0;32m  OK  [0m] Reached target Paths.
[   13.117369] cloud-init[967]: |      E . + . o.o|
         [   13.126084] cloud-init[967]: |     o .   o . * |
[   13.126209] cloud-init[967]: |    .   S o O *  |
[   13.126884] cloud-init[967]: |       o o O X + |
[   13.127539] cloud-init[967]: |        o . =.O  |
[   13.128432] cloud-init[967]: |           . =+=.|
[   13.129289] cloud-init[967]: |            o++.=|
[   13.129946] cloud-init[967]: +----[SHA256]-----+
Starting Socket activation for snappy daemon.
[[0;32m  OK  [0m] Listening on D-Bus System Message Bus Socket.
[[0;32m  OK  [0m] Reached target Network is Online.
         Starting iSCSI initiator daemon (iscsid)...
[[0;32m  OK  [0m] Listening on LXD - unix socket.
[[0;32m  OK  [0m] Listening on Socket activation for snappy daemon.
[[0;32m  OK  [0m] Reached target Sockets.
[[0;32m  OK  [0m] Reached target Basic System.
         Starting LSB: Record successful boot for GRUB...
         Starting Accounts Service...
[[0;32m  OK  [0m] Started Regular background program processing daemon.
         Starting Login Service...
         Starting System Logging Service...
         Starting Pollinate to seed the pseudo random number generator...
[[0;32m  OK  [0m] Started Deferred execution scheduler.
[[0;32m  OK  [0m] Started FUSE filesystem for LXC.
[[0;32m  OK  [0m] Started ACPI event daemon.
[[0;32m  OK  [0m] Started D-Bus System Message Bus.
         Starting /etc/rc.local Compatibility...
         Starting LSB: MD monitoring daemon...
         Starting Snappy daemon...
         Starting Virtualbox guest utils...
         Starting LXD - container startup/shutdown...
[[0;32m  OK  [0m] Started System Logging Service.
[[0;32m  OK  [0m] Started /etc/rc.local Compatibility.
[[0;32m  OK  [0m] Started iSCSI initiator daemon (iscsid).
[[0;32m  OK  [0m] Started Login Service.
[[0;32m  OK  [0m] Started Unattended Upgrades Shutdown.
         Starting Authenticate and Authorize Users to Run Privileged Tasks...
         Starting Login to default iSCSI targets...
[[0;32m  OK  [0m] Started LSB: Record successful boot for GRUB.
[[0;32m  OK  [0m] Started LSB: MD monitoring daemon.
[[0;32m  OK  [0m] Started Authenticate and Authorize Users to Run Privileged Tasks.
[[0;32m  OK  [0m] Started Accounts Service.
[[0;32m  OK  [0m] Started Login to default iSCSI targets.
[[0;32m  OK  [0m] Reached target Remote File Systems (Pre).
[[0;32m  OK  [0m] Reached target Remote File Systems.
         Starting LSB: daemon to balance interrupts for SMP systems...
         Starting Permit User Sessions...
         Starting LSB: automatic crash report generation...
         Starting LSB: Set the CPU Frequency Scaling governor to "ondemand"...
[[0;32m  OK  [0m] Started Permit User Sessions.
         Starting Hold until boot process finishes up...
         Starting Terminate Plymouth Boot Screen...
[[0;32m  OK  [0m] Started Hold until boot process finishes up.
[[0;32m  OK  [0m] Started Terminate Plymouth Boot Screen.
[[0;32m  OK  [0m] Started Getty on tty1.
         Starting Set console scheme...
[[0;32m  OK  [0m] Started Serial Getty on ttyS0.
[[0;32m  OK  [0m] Reached target Login Prompts.
[[0;32m  OK  [0m] Started Set console scheme.
[[0;32m  OK  [0m] Started LSB: Set the CPU Frequency Scaling governor to "ondemand".
[[0;32m  OK  [0m] Started LSB: daemon to balance interrupts for SMP systems.
[[0;32m  OK  [0m] Started LSB: automatic crash report generation.
[[0;32m  OK  [0m] Started Virtualbox guest utils.
[[0;32m  OK  [0m] Started LXD - container startup/shutdown.
[[0;32m  OK  [0m] Started Snappy daemon.
         Starting Wait until snapd is fully seeded...
[[0;32m  OK  [0m] Started Pollinate to seed the pseudo random number generator.
         Starting OpenBSD Secure Shell server...
[[0;32m  OK  [0m] Started OpenBSD Secure Shell server.
[[0;32m  OK  [0m] Started Wait until snapd is fully seeded.
         Starting Apply the settings specified in cloud-config...
[[0;32m  OK  [0m] Reached target Multi-User System.
[[0;32m  OK  [0m] Reached target Graphical Interface.
         Starting Update UTMP about System Runlevel Changes...
[[0;32m  OK  [0m] Started Update UTMP about System Runlevel Changes.
[   15.208696] cloud-init[1325]: Generating locales (this might take a while)...
[   16.145810] cloud-init[1325]:   en_US.UTF-8... done
[   16.147429] cloud-init[1325]: Generation complete.
[[0;32m  OK  [0m] Created slice User Slice of vagrant.
         Starting User Manager for UID 1000...
[[0;32m  OK  [0m] Started Session 1 of user vagrant.
[[0;32m  OK  [0m] Started User Manager for UID 1000.
[   16.574648] cloud-init[1325]: Cloud-init v. 19.4-33-gbb4131a2-0ubuntu1~16.04.1 running 'modules:config' at Fri, 29 May 2020 13:24:56 +0000. Up 15.07 seconds.
[[0;32m  OK  [0m] Started Apply the settings specified in cloud-config.
         Starting Execute cloud user/final scripts...
ci-info: no authorized SSH keys fingerprints found for user ubuntu.
<14>May 29 13:24:58 ec2: 
<14>May 29 13:24:58 ec2: #############################################################
<14>May 29 13:24:58 ec2: -----BEGIN SSH HOST KEY FINGERPRINTS-----
<14>May 29 13:24:58 ec2: 1024 SHA256:HK/bbBEE+6gzcnLdcKIFSrAfL9okBVOneFWxZoLDOTc root@ubuntu-xenial (DSA)
<14>May 29 13:24:58 ec2: 256 SHA256:izg/R9bhwd85eZZEQKTqY31KMezLsdVYKxQ4AhpJ9Kw root@ubuntu-xenial (ECDSA)
<14>May 29 13:24:58 ec2: 256 SHA256:49zxu9QPUQJ3Y5fw1OmpG3ua8d8IxB52KXLzGYA8KFo root@ubuntu-xenial (ED25519)
<14>May 29 13:24:58 ec2: 2048 SHA256:zxHLpHzN1LGpBeDfMqxd9sAY0Ul2GMHbqFY9M07eXII root@ubuntu-xenial (RSA)
<14>May 29 13:24:58 ec2: -----END SSH HOST KEY FINGERPRINTS-----
<14>May 29 13:24:58 ec2: #############################################################
-----BEGIN SSH HOST KEY KEYS-----
ecdsa-sha2-nistp256 AAAAE2VjZHNhLXNoYTItbmlzdHAyNTYAAAAIbmlzdHAyNTYAAABBBDNETPQwORqPNAwzWsAXvBgDTk+s9qzwNTI9Fpr/iOj9GXbQTu+1DbScWZTcA3QwJLSth5iRUc41K6K6jeI+Jz4= root@ubuntu-xenial
ssh-ed25519 AAAAC3NzaC1lZDI1NTE5AAAAIAzkppzUlYO/6/gvBU3DOMiaM/oJowy8mNV8vXCDzKnh root@ubuntu-xenial
ssh-rsa AAAAB3NzaC1yc2EAAAADAQABAAABAQDWqhDWsXBazgPRz8ncspct6+9uKEOPKuiKN40jnpHWz66g7xpujMFGGgJd2FEXHzJZg3AZTJ/uW+8GyiWeU72rWoU+VYwhALWERIXFk3rIIFD/3PNcffauoFH305VEf3VzML7wfIGohb3UuShAv1Gx5Z4d3HK8rLkdY+N5jOnVh3FOJ7306XCco8br6bb7jO2e3G16rgj4m23ooi6Oc/j1cYrWUZhXYFbOQut8fVu7vqD+w7qtdJV8JI51jIUTKsmZU2lX+ol1G86hh9xFWdO5NRLOgO/srjmxUpHyDKY33Vr7X+Wa8T4AHel5RDqYLPapcOFDE7OzgNB3Trx+8br9 root@ubuntu-xenial
-----END SSH HOST KEY KEYS-----
[   17.318410] cloud-init[1425]: Cloud-init v. 19.4-33-gbb4131a2-0ubuntu1~16.04.1 running 'modules:final' at Fri, 29 May 2020 13:24:58 +0000. Up 17.13 seconds.
[   17.322840] cloud-init[1425]: ci-info: no authorized SSH keys fingerprints found for user ubuntu.
[   17.327283] cloud-init[1425]: Cloud-init v. 19.4-33-gbb4131a2-0ubuntu1~16.04.1 finished at Fri, 29 May 2020 13:24:58 +0000. Datasource DataSourceNoCloud [seed=/dev/sdb][dsmode=net].  Up 17.30 seconds
[[0;32m  OK  [0m] Started Execute cloud user/final scripts.
[[0;32m  OK  [0m] Reached target Cloud-init target.

Ubuntu 16.04.6 LTS ubuntu-xenial ttyS0

ubuntu-xenial login: 